<?xml version="1.0" encoding="UTF-8"?>
<testng-results ignored="0" total="1" passed="1" failed="0" skipped="0">
  <reporter-output>
  </reporter-output>
  <suite started-at="2026-02-08T18:45:32 EET" name="NBE Telecom Automation Suite" finished-at="2026-02-08T18:46:38 EET" duration-ms="65513">
    <groups>
      <group name="e2e">
        <method signature="EndToEndTest.testCompleteCustomerJourney()[pri:1, instance:tests.EndToEndTest@273444fe]" name="testCompleteCustomerJourney" class="tests.EndToEndTest"/>
      </group> <!-- e2e -->
    </groups>
    <test started-at="2026-02-08T18:45:32 EET" name="End-to-End Test" finished-at="2026-02-08T18:46:38 EET" duration-ms="65513">
      <class name="tests.EndToEndTest">
        <test-method is-config="true" signature="setUp(java.lang.String)[pri:0, instance:tests.EndToEndTest@273444fe]" started-at="2026-02-08T18:45:33 EET" name="setUp" finished-at="2026-02-08T18:45:40 EET" duration-ms="7503" status="PASS">
          <params>
            <param index="0">
              <value>
                <![CDATA[chrome]]>
              </value>
            </param>
          </params>
          <reporter-output>
          </reporter-output>
        </test-method> <!-- setUp -->
        <test-method signature="testCompleteCustomerJourney()[pri:1, instance:tests.EndToEndTest@273444fe]" started-at="2026-02-08T18:45:40 EET" name="testCompleteCustomerJourney" description="E2E: Add Customer and Assign Tariff Plan" finished-at="2026-02-08T18:46:37 EET" duration-ms="56574" status="PASS">
          <reporter-output>
          </reporter-output>
        </test-method> <!-- testCompleteCustomerJourney -->
        <test-method is-config="true" signature="tearDown()[pri:0, instance:tests.EndToEndTest@273444fe]" started-at="2026-02-08T18:46:37 EET" name="tearDown" finished-at="2026-02-08T18:46:38 EET" duration-ms="1146" status="PASS">
          <reporter-output>
          </reporter-output>
        </test-method> <!-- tearDown -->
      </class> <!-- tests.EndToEndTest -->
    </test> <!-- End-to-End Test -->
  </suite> <!-- NBE Telecom Automation Suite -->
</testng-results>
